<?xml version="1.0" encoding="UTF-8"?>
<!-- Generated by org.testng.reporters.JUnitXMLReporter -->
<testsuite ignored="0" hostname="DESKTOP-CQ2MLA2" failures="1" tests="11" name="Test" time="0.18" errors="0" timestamp="2022-12-19T18:02:53 IST">
  <testcase classname="TextNG.dependsOn" name="sendRequest" time="0.014">
    <failure type="java.lang.AssertionError" message="expected [true] but found [false]">
      <![CDATA[java.lang.AssertionError: expected [true] but found [false]
at TextNG.dependsOn.sendRequest(dependsOn.java:11)
at java.base/java.util.ArrayList.forEach(ArrayList.java:1511)
... Removed 31 stack frames]]>
    </failure>
  </testcase> <!-- sendRequest -->
  <testcase classname="TextNG.dependsOn" name="acceptRequest" time="0.0">
    <skipped/>
  </testcase> <!-- acceptRequest -->
  <testcase classname="TextNG.SequencingPriority" name="abc1" time="0.001"/>
  <testcase classname="TextNG.SequencingPriority" name="chickoo1" time="0.002"/>
  <testcase classname="TextNG.SequencingPriority" name="a1" time="0.005"/>
  <testcase classname="TextNG.SequencingPriority" name="banana1" time="0.001"/>
  <testcase classname="TextNG.invokationCount" name="tc1" time="0.001"/>
  <testcase classname="TextNG.invokationCount" name="tc1" time="0.008"/>
  <testcase classname="TextNG.invokationCount" name="tc1" time="0.002"/>
  <testcase classname="TextNG.invokationCount" name="tc1" time="0.003"/>
  <testcase classname="TextNG.login" name="m1" time="0.003"/>
</testsuite> <!-- Test -->
