<?xml version="1.0" encoding="UTF-8"?>
<!-- Generated by org.testng.reporters.JUnitXMLReporter -->
<testsuite ignored="0" hostname="DESKTOP-CQ2MLA2" failures="0" tests="3" name="Default test" time="52.152" errors="0" timestamp="2022-12-20T18:05:55 IST">
  <testcase classname="TextNG.Dataprovider" name="validateUserLoginTest" time="25.637"/>
  <testcase classname="TextNG.Dataprovider" name="validateUserLoginTest" time="13.112"/>
  <testcase classname="TextNG.Dataprovider" name="validateUserLoginTest" time="13.322"/>
</testsuite> <!-- Default test -->
