<?xml version="1.0" encoding="UTF-8"?>
<testng-results ignored="0" total="3" passed="3" failed="0" skipped="0">
  <reporter-output>
  </reporter-output>
  <suite started-at="2022-12-20T18:05:03 IST" name="Default suite" finished-at="2022-12-20T18:05:55 IST" duration-ms="52152">
    <groups>
    </groups>
    <test started-at="2022-12-20T18:05:03 IST" name="Default test" finished-at="2022-12-20T18:05:55 IST" duration-ms="52152">
      <class name="TextNG.Dataprovider">
        <test-method signature="validateUserLoginTest(java.lang.String,java.lang.String)[pri:0, instance:TextNG.Dataprovider@31c88ec8]" started-at="2022-12-20T18:05:03 IST" name="validateUserLoginTest" data-provider="getUserData" finished-at="2022-12-20T18:05:28 IST" duration-ms="25637" status="PASS">
          <params>
            <param index="0">
              <value>
                <![CDATA[admin]]>
              </value>
            </param>
            <param index="1">
              <value>
                <![CDATA[admin123]]>
              </value>
            </param>
          </params>
          <reporter-output>
          </reporter-output>
        </test-method> <!-- validateUserLoginTest -->
        <test-method signature="validateUserLoginTest(java.lang.String,java.lang.String)[pri:0, instance:TextNG.Dataprovider@31c88ec8]" started-at="2022-12-20T18:05:28 IST" name="validateUserLoginTest" data-provider="getUserData" finished-at="2022-12-20T18:05:41 IST" duration-ms="13112" status="PASS">
          <params>
            <param index="0">
              <value>
                <![CDATA[hr]]>
              </value>
            </param>
            <param index="1">
              <value>
                <![CDATA[hr123]]>
              </value>
            </param>
          </params>
          <reporter-output>
          </reporter-output>
        </test-method> <!-- validateUserLoginTest -->
        <test-method signature="validateUserLoginTest(java.lang.String,java.lang.String)[pri:0, instance:TextNG.Dataprovider@31c88ec8]" started-at="2022-12-20T18:05:41 IST" name="validateUserLoginTest" data-provider="getUserData" finished-at="2022-12-20T18:05:55 IST" duration-ms="13322" status="PASS">
          <params>
            <param index="0">
              <value>
                <![CDATA[finance]]>
              </value>
            </param>
            <param index="1">
              <value>
                <![CDATA[finance123]]>
              </value>
            </param>
          </params>
          <reporter-output>
          </reporter-output>
        </test-method> <!-- validateUserLoginTest -->
      </class> <!-- TextNG.Dataprovider -->
    </test> <!-- Default test -->
  </suite> <!-- Default suite -->
</testng-results>
